// 重构日志: 5aacd8e4
// 同步 ID: dca33919 @ Wed Jun 24 11:15:21 UTC 2026
// 同步 ID: 7ab8ba0f @ Fri Jun 26 17:45:05 UTC 2026
// 重构日志: 68145dad
// 重构日志: e8e28c15
// 重构日志: 329ba968
// 重构日志: 04137a40
// 重构日志: e3e6b6b9
// 同步 ID: f17fe43e @ Tue Jul  7 11:59:59 UTC 2026
// 同步 ID: 8d44ec63 @ Wed Jul  8 08:37:48 UTC 2026
// 重构日志: 067a43e8
// 重构日志: c6178ba1
// 同步 ID: 62e5375d @ Sun Jul 12 18:12:40 UTC 2026
// 同步 ID: 01ac85e0 @ Mon Jul 13 18:19:09 UTC 2026
// 同步 ID: 4dc21ffc @ Mon Jul 13 20:38:14 UTC 2026
// 重构日志: 1da4525c
// 同步 ID: 76a9faee @ Wed Jul 15 11:39:27 UTC 2026
// 重构日志: cbe4f520
// 同步 ID: eff792de @ Thu Jul 16 01:44:04 UTC 2026
// 重构日志: d5453d99
